==305677== Cachegrind, a cache and branch-prediction profiler
==305677== Copyright (C) 2002-2017, and GNU GPL'd, by Nicholas Nethercote et al.
==305677== Using Valgrind-3.15.0 and LibVEX; rerun with -h for copyright info
==305677== Command: ./dyn
==305677== Parent PID: 284586
==305677== 
==305677== 
==305677== I   refs:      6,171,782,574
==305677== I1  misses:            1,311
==305677== LLi misses:            1,260
==305677== I1  miss rate:          0.00%
==305677== LLi miss rate:          0.00%
==305677== 
==305677== D   refs:      2,770,442,365  (2,640,876,786 rd   + 129,565,579 wr)
==305677== D1  misses:      155,227,869  (  155,131,352 rd   +      96,517 wr)
==305677== LLd misses:          655,562  (      559,617 rd   +      95,945 wr)
==305677== D1  miss rate:           5.6% (          5.9%     +         0.1%  )
==305677== LLd miss rate:           0.0% (          0.0%     +         0.1%  )
==305677== 
==305677== LL refs:         155,229,180  (  155,132,663 rd   +      96,517 wr)
==305677== LL misses:           656,822  (      560,877 rd   +      95,945 wr)
==305677== LL miss rate:            0.0% (          0.0%     +         0.1%  )
